Error   : '/var/folders/l5/crdl2_fj0zj073fjd10dt1rc0000gn/T/tmpu7enyibw.geo', line 39: syntax error (,)
Error   : '/var/folders/l5/crdl2_fj0zj073fjd10dt1rc0000gn/T/tmpu7enyibw.geo', line 40: syntax error (,)
Error   : '/var/folders/l5/crdl2_fj0zj073fjd10dt1rc0000gn/T/tmpu7enyibw.geo', line 42: syntax error (Volumes)
particle starting points (m from tip of wedge):
 [  1000.   5000.  10000.  15000.  20000.  25000.  30000.  35000.  40000.
  45000.  50000.  55000.  60000.  65000.  70000.  75000.  80000.  85000.
  90000.  95000. 100000. 105000. 110000. 115000. 120000. 125000. 130000.
 135000. 140000. 145000. 150000. 155000. 160000. 165000. 170000. 175000.
 180000. 185000. 190000. 195000. 200000.] m
timesteps (yr):
 [ 0.0000e+00 -1.0000e-02 -2.0000e-02 ... -1.9998e+02 -1.9999e+02
 -2.0000e+02] yr
thermochron data systems in file:  ['ZHe' 'AFT' 'MAr']
ages before removing non-reset ages:
 count      48.000000
mean       56.973812
std       245.686577
min         2.700000
25%         4.222500
50%         6.930000
75%         8.940000
max      1395.700000
Name: age, dtype: float64
ages after removing non-reset ages:
 count    46.000000
mean      6.915935
std       2.913004
min       2.700000
25%       4.207500
50%       6.600000
75%       8.615000
max      14.780000
Name: age, dtype: float64
using RMSE metric to calibrate model 
starting optimization, this may take a while, especially in combination with the numerical heat flow model ....
parameters that were changed:  ['convergence', 'conv_part', 'deform_part', 'vxa', 'vya']
parameter values:  [0.02 0.5  0.5  0.   0.  ]
.Error   : '/var/folders/l5/crdl2_fj0zj073fjd10dt1rc0000gn/T/tmp9_8hztys.geo', line 39: syntax error (,)
Error   : '/var/folders/l5/crdl2_fj0zj073fjd10dt1rc0000gn/T/tmp9_8hztys.geo', line 40: syntax error (,)
Error   : '/var/folders/l5/crdl2_fj0zj073fjd10dt1rc0000gn/T/tmp9_8hztys.geo', line 42: syntax error (Volumes)
modelled ages, min., mean, max.:  1326594.8487416313 yr 4093318.7313143443 yr 13179667.727738416 yr
	ME =  2.822616051294352 yr
	MAE =  2.8729308210117637
	RMSE =  3.173836528586674
	R2 =  -0.21347926818708673
	misfit =  132.7657988543635
	chi squared =  17626.757345437316
parameters that were changed:  ['convergence', 'conv_part', 'deform_part', 'vxa', 'vya']
parameter values:  [0.021 0.5   0.5   0.    0.   ]
.Error   : '/var/folders/l5/crdl2_fj0zj073fjd10dt1rc0000gn/T/tmp43w1pu39.geo', line 39: syntax error (,)
Error   : '/var/folders/l5/crdl2_fj0zj073fjd10dt1rc0000gn/T/tmp43w1pu39.geo', line 40: syntax error (,)
Error   : '/var/folders/l5/crdl2_fj0zj073fjd10dt1rc0000gn/T/tmp43w1pu39.geo', line 42: syntax error (Volumes)
modelled ages, min., mean, max.:  1236627.4734155706 yr 3854649.0441546356 yr 12510172.137648992 yr
	ME =  3.061285738454059 yr
	MAE =  3.1012267212893367
	RMSE =  3.3909631391336466
	R2 =  -0.38519013594865914
	misfit =  143.167500306875
	chi squared =  20496.93314411906
parameters that were changed:  ['convergence', 'conv_part', 'deform_part', 'vxa', 'vya']
parameter values:  [0.02  0.525 0.5   0.    0.   ]
.Error   : '/var/folders/l5/crdl2_fj0zj073fjd10dt1rc0000gn/T/tmpnpueq0y0.geo', line 39: syntax error (,)
Error   : '/var/folders/l5/crdl2_fj0zj073fjd10dt1rc0000gn/T/tmpnpueq0y0.geo', line 40: syntax error (,)
Error   : '/var/folders/l5/crdl2_fj0zj073fjd10dt1rc0000gn/T/tmpnpueq0y0.geo', line 42: syntax error (Volumes)
modelled ages, min., mean, max.:  1482695.9604277932 yr 4444893.277612564 yr 14372962.46265017 yr
	ME =  2.471041504996131 yr
	MAE =  2.5413426539286372
	RMSE =  2.8653535577222025
	R2 =  0.010946720273736776
	misfit =  118.15686499635683
	chi squared =  13961.044745767293
parameters that were changed:  ['convergence', 'conv_part', 'deform_part', 'vxa', 'vya']
parameter values:  [0.02  0.5   0.525 0.    0.   ]
.Error   : '/var/folders/l5/crdl2_fj0zj073fjd10dt1rc0000gn/T/tmp7st8om_2.geo', line 39: syntax error (,)
Error   : '/var/folders/l5/crdl2_fj0zj073fjd10dt1rc0000gn/T/tmp7st8om_2.geo', line 40: syntax error (,)
Error   : '/var/folders/l5/crdl2_fj0zj073fjd10dt1rc0000gn/T/tmp7st8om_2.geo', line 42: syntax error (Volumes)
modelled ages, min., mean, max.:  1321124.2781948175 yr 4170063.4662470547 yr 13521775.34976028 yr
	ME =  2.745871316361642 yr
	MAE =  2.808810470756541
	RMSE =  3.111030605721235
	R2 =  -0.16592823531357825
	misfit =  131.1639490167719
	chi squared =  17203.981521674337
parameters that were changed:  ['convergence', 'conv_part', 'deform_part', 'vxa', 'vya']
parameter values:  [2.0e-02 5.0e-01 5.0e-01 2.5e-04 0.0e+00]
.Error   : '/var/folders/l5/crdl2_fj0zj073fjd10dt1rc0000gn/T/tmpcnwo_dnx.geo', line 39: syntax error (,)
Error   : '/var/folders/l5/crdl2_fj0zj073fjd10dt1rc0000gn/T/tmpcnwo_dnx.geo', line 40: syntax error (,)
Error   : '/var/folders/l5/crdl2_fj0zj073fjd10dt1rc0000gn/T/tmpcnwo_dnx.geo', line 42: syntax error (Volumes)
modelled ages, min., mean, max.:  1356325.873521431 yr 4256913.095323082 yr 13877825.309620734 yr
	ME =  2.659021687285613 yr
	MAE =  2.7133785939813757
	RMSE =  3.0347675347007783
	R2 =  -0.10946629040056699
	misfit =  126.94598648940385
	chi squared =  16115.283485767904
parameters that were changed:  ['convergence', 'conv_part', 'deform_part', 'vxa', 'vya']
parameter values:  [2.0e-02 5.0e-01 5.0e-01 0.0e+00 2.5e-04]
.Error   : '/var/folders/l5/crdl2_fj0zj073fjd10dt1rc0000gn/T/tmph8x154vn.geo', line 39: syntax error (,)
Error   : '/var/folders/l5/crdl2_fj0zj073fjd10dt1rc0000gn/T/tmph8x154vn.geo', line 40: syntax error (,)
Error   : '/var/folders/l5/crdl2_fj0zj073fjd10dt1rc0000gn/T/tmph8x154vn.geo', line 42: syntax error (Volumes)
modelled ages, min., mean, max.:  1243616.1110166092 yr 3874001.11256135 yr 13468919.656479249 yr
	ME =  3.0419336700473454 yr
	MAE =  3.0655631224623456
	RMSE =  3.379244967298849
	R2 =  -0.3756330578906619
	misfit =  141.24310864221815
	chi squared =  19949.61573891744
parameters that were changed:  ['convergence', 'conv_part', 'deform_part', 'vxa', 'vya']
parameter values:  [1.9e-02 5.1e-01 5.1e-01 1.0e-04 1.0e-04]
.Error   : '/var/folders/l5/crdl2_fj0zj073fjd10dt1rc0000gn/T/tmpm5uzgsq0.geo', line 39: syntax error (,)
Error   : '/var/folders/l5/crdl2_fj0zj073fjd10dt1rc0000gn/T/tmpm5uzgsq0.geo', line 40: syntax error (,)
Error   : '/var/folders/l5/crdl2_fj0zj073fjd10dt1rc0000gn/T/tmpm5uzgsq0.geo', line 42: syntax error (Volumes)
modelled ages, min., mean, max.:  1465463.1008205877 yr 4452443.3196543995 yr 14866597.466964753 yr
	ME =  2.4634914629542957 yr
	MAE =  2.525615956877819
	RMSE =  2.868464029573809
	R2 =  0.008798229958206005
	misfit =  117.88517422965543
	chi squared =  13896.914303156218
parameters that were changed:  ['convergence', 'conv_part', 'deform_part', 'vxa', 'vya']
parameter values:  [ 1.96e-02  5.14e-01  5.14e-01  1.40e-04 -2.10e-04]
.Error   : '/var/folders/l5/crdl2_fj0zj073fjd10dt1rc0000gn/T/tmpdhwaxk5_.geo', line 39: syntax error (,)
Error   : '/var/folders/l5/crdl2_fj0zj073fjd10dt1rc0000gn/T/tmpdhwaxk5_.geo', line 40: syntax error (,)
Error   : '/var/folders/l5/crdl2_fj0zj073fjd10dt1rc0000gn/T/tmpdhwaxk5_.geo', line 42: syntax error (Volumes)
modelled ages, min., mean, max.:  1473508.1980264864 yr 4528689.784186215 yr 14726037.020354629 yr
	ME =  2.3872449984224806 yr
	MAE =  2.4664554851249574
	RMSE =  2.8045348033689215
	R2 =  0.052487560951908874
	misfit =  116.16475159996554
	chi squared =  13494.249514281697
parameters that were changed:  ['convergence', 'conv_part', 'deform_part', 'vxa', 'vya']
parameter values:  [ 1.94e-02  5.21e-01  5.21e-01  2.10e-04 -4.40e-04]
.Error   : '/var/folders/l5/crdl2_fj0zj073fjd10dt1rc0000gn/T/tmpbk3eykhp.geo', line 39: syntax error (,)
Error   : '/var/folders/l5/crdl2_fj0zj073fjd10dt1rc0000gn/T/tmpbk3eykhp.geo', line 40: syntax error (,)
Error   : '/var/folders/l5/crdl2_fj0zj073fjd10dt1rc0000gn/T/tmpbk3eykhp.geo', line 42: syntax error (Volumes)
modelled ages, min., mean, max.:  1543463.1418530985 yr 4772700.374884794 yr 15684039.006176492 yr
	ME =  2.143234407723903 yr
	MAE =  2.300083420140523
	RMSE =  2.634328918132216
	R2 =  0.16400582548525267
	misfit =  108.40204455991584
	chi squared =  11751.00326476998
parameters that were changed:  ['convergence', 'conv_part', 'deform_part', 'vxa', 'vya']
parameter values:  [ 1.936e-02  5.224e-01  5.224e-01  2.240e-04 -1.360e-04]
.Error   : '/var/folders/l5/crdl2_fj0zj073fjd10dt1rc0000gn/T/tmp1xbr07p0.geo', line 39: syntax error (,)
Error   : '/var/folders/l5/crdl2_fj0zj073fjd10dt1rc0000gn/T/tmp1xbr07p0.geo', line 40: syntax error (,)
Error   : '/var/folders/l5/crdl2_fj0zj073fjd10dt1rc0000gn/T/tmp1xbr07p0.geo', line 42: syntax error (Volumes)
